#
# There is insufficient memory for the Java Runtime Environment to continue.
# Native memory allocation (malloc) failed to allocate 131088 bytes for Chunk::new
# Possible reasons:
#   The system is out of physical RAM or swap space
#   The process is running with CompressedOops enabled, and the Java Heap may be blocking the growth of the native heap
# Possible solutions:
#   Reduce memory load on the system
#   Increase physical memory or swap space
#   Check if swap backing store is full
#   Decrease Java heap size (-Xmx/-Xms)
#   Decrease number of Java threads
#   Decrease Java thread stack sizes (-Xss)
#   Set larger code cache with -XX:ReservedCodeCacheSize=
#   JVM is running with Zero Based Compressed Oops mode in which the Java heap is
#     placed in the first 32GB address space. The Java Heap base address is the
#     maximum limit for the native heap growth. Please use -XX:HeapBaseMinAddress
#     to set the Java Heap base and to place the Java Heap above 32GB virtual address.
# This output file may be truncated or incomplete.
#
#  Out of Memory Error (arena.cpp:189), pid=8144, tid=30664
#
# JRE version: Java(TM) SE Runtime Environment (17.0.13+10) (build 17.0.13+10-LTS-268)
# Java VM: Java HotSpot(TM) 64-Bit Server VM (17.0.13+10-LTS-268, mixed mode, sharing, tiered, compressed oops, compressed class ptrs, g1 gc, windows-amd64)
# No core dump will be written. Minidumps are not enabled by default on client versions of Windows
#

---------------  S U M M A R Y ------------

Command Line: -Dfile.encoding=UTF-8 -Dstdout.encoding=UTF-8 -Dstderr.encoding=UTF-8 -XX:+ShowCodeDetailsInExceptionMessages com.apiestudar.api_prodify.ApiEstudarApplication

Host: AMD Ryzen 5 5500U with Radeon Graphics         , 12 cores, 15G,  Windows 11 , 64 bit Build 26100 (10.0.26100.3912)
Time: Sun May 18 20:50:59 2025 Hora oficial do Brasil elapsed time: 13476.357414 seconds (0d 3h 44m 36s)

---------------  T H R E A D  ---------------

Current thread (0x000001ce3d52ea40):  JavaThread "C2 CompilerThread0" daemon [_thread_in_native, id=30664, stack(0x000000586cb00000,0x000000586cc00000)]


Current CompileTask:
C2:13476357 9176   !   4       org.apache.catalina.core.ContainerBase$ContainerBackgroundProcessor::processChildren (202 bytes)

Stack: [0x000000586cb00000,0x000000586cc00000]
Native frames: (J=compiled Java code, j=interpreted, Vv=VM code, C=native code)
V  [jvm.dll+0x67a23a]
V  [jvm.dll+0x7da96d]
V  [jvm.dll+0x7dc2b3]
V  [jvm.dll+0x7dc923]
V  [jvm.dll+0x2450ef]
V  [jvm.dll+0xab793]
V  [jvm.dll+0xabd5c]
V  [jvm.dll+0xab8a4]
V  [jvm.dll+0x69f685]
V  [jvm.dll+0x68839d]
V  [jvm.dll+0x6877de]
V  [jvm.dll+0x1a587c]
V  [jvm.dll+0x2a97bc]
V  [jvm.dll+0x692586]
V  [jvm.dll+0x68a5c5]
V  [jvm.dll+0x689c10]
V  [jvm.dll+0x687b22]
V  [jvm.dll+0x1a587c]
V  [jvm.dll+0x2a97bc]
V  [jvm.dll+0x692586]
V  [jvm.dll+0x68a5c5]
V  [jvm.dll+0x689c10]
V  [jvm.dll+0x687b22]
V  [jvm.dll+0x1a587c]
V  [jvm.dll+0x1a63d8]
V  [jvm.dll+0x1a63d8]
V  [jvm.dll+0x2a97bc]
V  [jvm.dll+0x692586]
V  [jvm.dll+0x68a5c5]
V  [jvm.dll+0x689c10]
V  [jvm.dll+0x687b22]
V  [jvm.dll+0x1a587c]
V  [jvm.dll+0x1a63d8]
V  [jvm.dll+0x2a97bc]
V  [jvm.dll+0x692586]
V  [jvm.dll+0x68a5c5]
V  [jvm.dll+0x689c10]
V  [jvm.dll+0x687b22]
V  [jvm.dll+0x1a587c]
V  [jvm.dll+0x1a63d8]
V  [jvm.dll+0x2a97bc]
V  [jvm.dll+0x692586]
V  [jvm.dll+0x68a5c5]
V  [jvm.dll+0x689c10]
V  [jvm.dll+0x687b22]
V  [jvm.dll+0x1a587c]
V  [jvm.dll+0x215878]
V  [jvm.dll+0x1a2980]
V  [jvm.dll+0x22616b]
V  [jvm.dll+0x22430b]
V  [jvm.dll+0x790a8c]
V  [jvm.dll+0x78af1a]
V  [jvm.dll+0x679125]
C  [ucrtbase.dll+0x37b0]
C  [KERNEL32.DLL+0x2e8d7]
C  [ntdll.dll+0x9c5dc]


---------------  P R O C E S S  ---------------

Threads class SMR info:
_java_thread_list=0x000001ce05adc220, length=29, elements={
0x000001ce3d510960, 0x000001ce3d513390, 0x000001ce3d526110, 0x000001ce3d5269e0,
0x000001ce3d52b2c0, 0x000001ce3d52bce0, 0x000001ce3d52ea40, 0x000001ce7f085ba0,
0x000001ce7f0b10f0, 0x000001ce7f1ef110, 0x000001ce7f1fb5c0, 0x000001ce082753f0,
0x000001ce08277760, 0x000001ce08276320, 0x000001ce08277c70, 0x000001ce7fbe60f0,
0x000001ce7fbe7f50, 0x000001ce7fbe98a0, 0x000001ce7fbe7530, 0x000001ce7fbe7020,
0x000001ce7fbe9db0, 0x000001ce7fbe6600, 0x000001ce7fbea2c0, 0x000001ce7fbe8e80,
0x000001ce7fbea7d0, 0x000001ce7fbe9390, 0x000001ce7fbe8460, 0x000001ce7fbe7a40,
0x000001ce7fbe6b10
}

Java Threads: ( => current thread )
  0x000001ce3d510960 JavaThread "Reference Handler" daemon [_thread_blocked, id=1616, stack(0x000000586c500000,0x000000586c600000)]
  0x000001ce3d513390 JavaThread "Finalizer" daemon [_thread_blocked, id=19120, stack(0x000000586c600000,0x000000586c700000)]
  0x000001ce3d526110 JavaThread "Signal Dispatcher" daemon [_thread_blocked, id=30084, stack(0x000000586c700000,0x000000586c800000)]
  0x000001ce3d5269e0 JavaThread "Attach Listener" daemon [_thread_blocked, id=28696, stack(0x000000586c800000,0x000000586c900000)]
  0x000001ce3d52b2c0 JavaThread "Service Thread" daemon [_thread_blocked, id=27588, stack(0x000000586c900000,0x000000586ca00000)]
  0x000001ce3d52bce0 JavaThread "Monitor Deflation Thread" daemon [_thread_blocked, id=18084, stack(0x000000586ca00000,0x000000586cb00000)]
=>0x000001ce3d52ea40 JavaThread "C2 CompilerThread0" daemon [_thread_in_native, id=30664, stack(0x000000586cb00000,0x000000586cc00000)]
  0x000001ce7f085ba0 JavaThread "C1 CompilerThread0" daemon [_thread_blocked, id=30284, stack(0x000000586cc00000,0x000000586cd00000)]
  0x000001ce7f0b10f0 JavaThread "Sweeper thread" daemon [_thread_blocked, id=2108, stack(0x000000586cd00000,0x000000586ce00000)]
  0x000001ce7f1ef110 JavaThread "Notification Thread" daemon [_thread_blocked, id=21084, stack(0x000000586ce00000,0x000000586cf00000)]
  0x000001ce7f1fb5c0 JavaThread "Common-Cleaner" daemon [_thread_blocked, id=23952, stack(0x000000586d000000,0x000000586d100000)]
  0x000001ce082753f0 JavaThread "HikariPool-1 housekeeper" daemon [_thread_blocked, id=22304, stack(0x000000586df00000,0x000000586e000000)]
  0x000001ce08277760 JavaThread "Catalina-utility-1" [_thread_blocked, id=24188, stack(0x000000586e100000,0x000000586e200000)]
  0x000001ce08276320 JavaThread "Catalina-utility-2" [_thread_blocked, id=29376, stack(0x000000586e200000,0x000000586e300000)]
  0x000001ce08277c70 JavaThread "container-0" [_thread_blocked, id=14876, stack(0x000000586e300000,0x000000586e400000)]
  0x000001ce7fbe60f0 JavaThread "http-nio-8080-BlockPoller" daemon [_thread_in_native, id=14444, stack(0x000000586e400000,0x000000586e500000)]
  0x000001ce7fbe7f50 JavaThread "http-nio-8080-exec-1" daemon [_thread_blocked, id=26000, stack(0x000000586e500000,0x000000586e600000)]
  0x000001ce7fbe98a0 JavaThread "http-nio-8080-exec-2" daemon [_thread_blocked, id=7160, stack(0x000000586e600000,0x000000586e700000)]
  0x000001ce7fbe7530 JavaThread "http-nio-8080-exec-3" daemon [_thread_blocked, id=17320, stack(0x000000586e700000,0x000000586e800000)]
  0x000001ce7fbe7020 JavaThread "http-nio-8080-exec-4" daemon [_thread_blocked, id=7816, stack(0x000000586e800000,0x000000586e900000)]
  0x000001ce7fbe9db0 JavaThread "http-nio-8080-exec-5" daemon [_thread_blocked, id=19348, stack(0x000000586e900000,0x000000586ea00000)]
  0x000001ce7fbe6600 JavaThread "http-nio-8080-exec-6" daemon [_thread_blocked, id=1272, stack(0x000000586ea00000,0x000000586eb00000)]
  0x000001ce7fbea2c0 JavaThread "http-nio-8080-exec-7" daemon [_thread_blocked, id=30688, stack(0x000000586eb00000,0x000000586ec00000)]
  0x000001ce7fbe8e80 JavaThread "http-nio-8080-exec-8" daemon [_thread_blocked, id=28596, stack(0x000000586ec00000,0x000000586ed00000)]
  0x000001ce7fbea7d0 JavaThread "http-nio-8080-exec-9" daemon [_thread_blocked, id=22588, stack(0x000000586ed00000,0x000000586ee00000)]
  0x000001ce7fbe9390 JavaThread "http-nio-8080-exec-10" daemon [_thread_blocked, id=29000, stack(0x000000586ee00000,0x000000586ef00000)]
  0x000001ce7fbe8460 JavaThread "http-nio-8080-ClientPoller" daemon [_thread_in_native, id=17568, stack(0x000000586ef00000,0x000000586f000000)]
  0x000001ce7fbe7a40 JavaThread "http-nio-8080-Acceptor" daemon [_thread_in_native, id=30540, stack(0x000000586f000000,0x000000586f100000)]
  0x000001ce7fbe6b10 JavaThread "DestroyJavaVM" [_thread_blocked, id=24788, stack(0x000000586be00000,0x000000586bf00000)]

Other Threads:
  0x000001ce3d506b30 VMThread "VM Thread" [stack: 0x000000586c400000,0x000000586c500000] [id=24552]
  0x000001ce3d341c80 WatcherThread [stack: 0x000000586cf00000,0x000000586d000000] [id=26668]
  0x000001ce1b141bf0 GCTaskThread "GC Thread#0" [stack: 0x000000586bf00000,0x000000586c000000] [id=15820]
  0x000001ce044e0c30 GCTaskThread "GC Thread#1" [stack: 0x000000586d300000,0x000000586d400000] [id=7372]
  0x000001ce046c1090 GCTaskThread "GC Thread#2" [stack: 0x000000586d400000,0x000000586d500000] [id=26780]
  0x000001ce04413380 GCTaskThread "GC Thread#3" [stack: 0x000000586d500000,0x000000586d600000] [id=6420]
  0x000001ce0460d020 GCTaskThread "GC Thread#4" [stack: 0x000000586d600000,0x000000586d700000] [id=29720]
  0x000001ce7fadcd00 GCTaskThread "GC Thread#5" [stack: 0x000000586d700000,0x000000586d800000] [id=27844]
  0x000001ce04d7b130 GCTaskThread "GC Thread#6" [stack: 0x000000586d900000,0x000000586da00000] [id=23192]
  0x000001ce04998140 GCTaskThread "GC Thread#7" [stack: 0x000000586da00000,0x000000586db00000] [id=7216]
  0x000001ce046596a0 GCTaskThread "GC Thread#8" [stack: 0x000000586db00000,0x000000586dc00000] [id=26188]
  0x000001ce04d58400 GCTaskThread "GC Thread#9" [stack: 0x000000586d800000,0x000000586d900000] [id=23068]
  0x000001ce1b152090 ConcurrentGCThread "G1 Main Marker" [stack: 0x000000586c000000,0x000000586c100000] [id=25972]
  0x000001ce1b154340 ConcurrentGCThread "G1 Conc#0" [stack: 0x000000586c100000,0x000000586c200000] [id=27624]
  0x000001ce0627c2d0 ConcurrentGCThread "G1 Conc#1" [stack: 0x000000586dc00000,0x000000586dd00000] [id=23828]
  0x000001ce0627d090 ConcurrentGCThread "G1 Conc#2" [stack: 0x000000586dd00000,0x000000586de00000] [id=2496]
  0x000001ce3d43a6c0 ConcurrentGCThread "G1 Refine#0" [stack: 0x000000586c200000,0x000000586c300000] [id=25372]
  0x000001ce3d43aea0 ConcurrentGCThread "G1 Service" [stack: 0x000000586c300000,0x000000586c400000] [id=9280]

Threads with active compile tasks:
C2 CompilerThread0  13476444 9176   !   4       org.apache.catalina.core.ContainerBase$ContainerBackgroundProcessor::processChildren (202 bytes)

VM state: not at safepoint (normal execution)

VM Mutex/Monitor currently owned by a thread: None

Heap address: 0x0000000709c00000, size: 3940 MB, Compressed Oops mode: Zero based, Oop shift amount: 3

CDS archive(s) mapped at: [0x000001ce3e000000-0x000001ce3ebd0000-0x000001ce3ebd0000), size 12386304, SharedBaseAddress: 0x000001ce3e000000, ArchiveRelocationMode: 1.
Compressed class space mapped at: 0x000001ce3f000000-0x000001ce7f000000, reserved size: 1073741824
Narrow klass base: 0x000001ce3e000000, Narrow klass shift: 0, Narrow klass range: 0x100000000

GC Precious Log:
 CPUs: 12 total, 12 available
 Memory: 15754M
 Large Page Support: Disabled
 NUMA Support: Disabled
 Compressed Oops: Enabled (Zero based)
 Heap Region Size: 2M
 Heap Min Capacity: 8M
 Heap Initial Capacity: 248M
 Heap Max Capacity: 3940M
 Pre-touch: Disabled
 Parallel Workers: 10
 Concurrent Workers: 3
 Concurrent Refinement Workers: 10
 Periodic GC: Disabled

Heap:
 garbage-first heap   total 81920K, used 50594K [0x0000000709c00000, 0x0000000800000000)
  region size 2048K, 8 young (16384K), 2 survivors (4096K)
 Metaspace       used 72267K, committed 72704K, reserved 1114112K
  class space    used 9607K, committed 9792K, reserved 1048576K

Heap Regions: E=young(eden), S=young(survivor), O=old, HS=humongous(starts), HC=humongous(continues), CS=collection set, F=free, OA=open archive, CA=closed archive, TAMS=top-at-mark-start (previous, next)
|   0|0x0000000709c00000, 0x0000000709e00000, 0x0000000709e00000|100%| O|  |TAMS 0x0000000709e00000, 0x0000000709c00000| Untracked 
|   1|0x0000000709e00000, 0x000000070a000000, 0x000000070a000000|100%| O|  |TAMS 0x000000070a000000, 0x0000000709e00000| Untracked 
|   2|0x000000070a000000, 0x000000070a200000, 0x000000070a200000|100%| O|  |TAMS 0x000000070a200000, 0x000000070a000000| Untracked 
|   3|0x000000070a200000, 0x000000070a400000, 0x000000070a400000|100%| O|  |TAMS 0x000000070a400000, 0x000000070a200000| Untracked 
|   4|0x000000070a400000, 0x000000070a600000, 0x000000070a600000|100%| O|  |TAMS 0x000000070a600000, 0x000000070a400000| Untracked 
|   5|0x000000070a600000, 0x000000070a800000, 0x000000070a800000|100%| O|  |TAMS 0x000000070a800000, 0x000000070a600000| Untracked 
|   6|0x000000070a800000, 0x000000070aa00000, 0x000000070aa00000|100%| O|  |TAMS 0x000000070aa00000, 0x000000070a800000| Untracked 
|   7|0x000000070aa00000, 0x000000070ac00000, 0x000000070ac00000|100%| O|  |TAMS 0x000000070ac00000, 0x000000070aa00000| Untracked 
|   8|0x000000070ac00000, 0x000000070ae00000, 0x000000070ae00000|100%| O|  |TAMS 0x000000070ae00000, 0x000000070ac00000| Untracked 
|   9|0x000000070ae00000, 0x000000070b000000, 0x000000070b000000|100%| O|  |TAMS 0x000000070ae00000, 0x000000070ae00000| Untracked 
|  10|0x000000070b000000, 0x000000070b200000, 0x000000070b200000|100%| O|  |TAMS 0x000000070b200000, 0x000000070b000000| Untracked 
|  11|0x000000070b200000, 0x000000070b400000, 0x000000070b400000|100%| O|  |TAMS 0x000000070b400000, 0x000000070b200000| Untracked 
|  12|0x000000070b400000, 0x000000070b600000, 0x000000070b600000|100%| O|  |TAMS 0x000000070b546c00, 0x000000070b400000| Untracked 
|  13|0x000000070b600000, 0x000000070b800000, 0x000000070b800000|100%| O|  |TAMS 0x000000070b600000, 0x000000070b600000| Untracked 
|  14|0x000000070b800000, 0x000000070ba00000, 0x000000070ba00000|100%| O|  |TAMS 0x000000070b800000, 0x000000070b800000| Untracked 
|  15|0x000000070ba00000, 0x000000070bc00000, 0x000000070bc00000|100%| O|  |TAMS 0x000000070ba00000, 0x000000070ba00000| Untracked 
|  16|0x000000070bc00000, 0x000000070be00000, 0x000000070be00000|100%| O|  |TAMS 0x000000070bc00000, 0x000000070bc00000| Untracked 
|  17|0x000000070be00000, 0x000000070bf68800, 0x000000070c000000| 70%| O|  |TAMS 0x000000070be00000, 0x000000070be00000| Untracked 
|  18|0x000000070c000000, 0x000000070c000000, 0x000000070c200000|  0%| F|  |TAMS 0x000000070c000000, 0x000000070c000000| Untracked 
|  19|0x000000070c200000, 0x000000070c200000, 0x000000070c400000|  0%| F|  |TAMS 0x000000070c200000, 0x000000070c200000| Untracked 
|  20|0x000000070c400000, 0x000000070c400000, 0x000000070c600000|  0%| F|  |TAMS 0x000000070c400000, 0x000000070c400000| Untracked 
|  21|0x000000070c600000, 0x000000070c600000, 0x000000070c800000|  0%| F|  |TAMS 0x000000070c600000, 0x000000070c600000| Untracked 
|  22|0x000000070c800000, 0x000000070ca00000, 0x000000070ca00000|100%| S|CS|TAMS 0x000000070c800000, 0x000000070c800000| Complete 
|  23|0x000000070ca00000, 0x000000070ca00000, 0x000000070cc00000|  0%| F|  |TAMS 0x000000070ca00000, 0x000000070ca00000| Untracked 
|  24|0x000000070cc00000, 0x000000070cc00000, 0x000000070ce00000|  0%| F|  |TAMS 0x000000070cc00000, 0x000000070cc00000| Untracked 
|  25|0x000000070ce00000, 0x000000070d000000, 0x000000070d000000|100%| S|CS|TAMS 0x000000070ce00000, 0x000000070ce00000| Complete 
|  26|0x000000070d000000, 0x000000070d000000, 0x000000070d200000|  0%| F|  |TAMS 0x000000070d000000, 0x000000070d000000| Untracked 
|  27|0x000000070d200000, 0x000000070d200000, 0x000000070d400000|  0%| F|  |TAMS 0x000000070d200000, 0x000000070d200000| Untracked 
|  28|0x000000070d400000, 0x000000070d400000, 0x000000070d600000|  0%| F|  |TAMS 0x000000070d400000, 0x000000070d400000| Untracked 
|  29|0x000000070d600000, 0x000000070d600000, 0x000000070d800000|  0%| F|  |TAMS 0x000000070d600000, 0x000000070d600000| Untracked 
|  30|0x000000070d800000, 0x000000070d800000, 0x000000070da00000|  0%| F|  |TAMS 0x000000070d800000, 0x000000070d800000| Untracked 
|  31|0x000000070da00000, 0x000000070da00000, 0x000000070dc00000|  0%| F|  |TAMS 0x000000070da00000, 0x000000070da00000| Untracked 
|  32|0x000000070dc00000, 0x000000070dc00000, 0x000000070de00000|  0%| F|  |TAMS 0x000000070dc00000, 0x000000070dc00000| Untracked 
|  33|0x000000070de00000, 0x000000070de00000, 0x000000070e000000|  0%| F|  |TAMS 0x000000070de00000, 0x000000070de00000| Untracked 
|  34|0x000000070e000000, 0x000000070e08bd58, 0x000000070e200000| 27%| E|  |TAMS 0x000000070e000000, 0x000000070e000000| Complete 
|  35|0x000000070e200000, 0x000000070e400000, 0x000000070e400000|100%| E|CS|TAMS 0x000000070e200000, 0x000000070e200000| Complete 
|  36|0x000000070e400000, 0x000000070e600000, 0x000000070e600000|100%| E|CS|TAMS 0x000000070e400000, 0x000000070e400000| Complete 
|  37|0x000000070e600000, 0x000000070e800000, 0x000000070e800000|100%| E|CS|TAMS 0x000000070e600000, 0x000000070e600000| Complete 
|  38|0x000000070e800000, 0x000000070ea00000, 0x000000070ea00000|100%| E|CS|TAMS 0x000000070e800000, 0x000000070e800000| Complete 
| 123|0x0000000719200000, 0x0000000719400000, 0x0000000719400000|100%| E|CS|TAMS 0x0000000719200000, 0x0000000719200000| Complete 

Card table byte_map: [0x000001ce32670000,0x000001ce32e30000] _byte_map_base: 0x000001ce2ee22000

Marking Bits (Prev, Next): (CMBitMap*) 0x000001ce1b142160, (CMBitMap*) 0x000001ce1b142120
 Prev Bits: [0x000001ce37380000, 0x000001ce3b110000)
 Next Bits: [0x000001ce335f0000, 0x000001ce37380000)

Polling page: 0x000001ce19020000

Metaspace:

Usage:
  Non-class:     61.19 MB used.
      Class:      9.38 MB used.
       Both:     70.57 MB used.

Virtual space:
  Non-class space:       64.00 MB reserved,      61.44 MB ( 96%) committed,  1 nodes.
      Class space:        1.00 GB reserved,       9.56 MB ( <1%) committed,  1 nodes.
             Both:        1.06 GB reserved,      71.00 MB (  7%) committed. 

Chunk freelists:
   Non-Class:  2.51 MB
       Class:  6.25 MB
        Both:  8.77 MB

MaxMetaspaceSize: unlimited
CompressedClassSpaceSize: 1.00 GB
Initial GC threshold: 21.00 MB
Current GC threshold: 99.06 MB
CDS: on
MetaspaceReclaimPolicy: balanced
 - commit_granule_bytes: 65536.
 - commit_granule_words: 8192.
 - virtual_space_node_default_size: 8388608.
 - enlarge_chunks_in_place: 1.
 - new_chunks_are_fully_committed: 0.
 - uncommit_free_chunks: 1.
 - use_allocation_guard: 0.
 - handle_deallocations: 1.


Internal statistics:

num_allocs_failed_limit: 9.
num_arena_births: 698.
num_arena_deaths: 0.
num_vsnodes_births: 2.
num_vsnodes_deaths: 0.
num_space_committed: 1136.
num_space_uncommitted: 0.
num_chunks_returned_to_freelist: 9.
num_chunks_taken_from_freelist: 3366.
num_chunk_merges: 6.
num_chunk_splits: 2323.
num_chunks_enlarged: 1773.
num_inconsistent_stats: 0.

CodeHeap 'non-profiled nmethods': size=120000Kb used=5256Kb max_used=5256Kb free=114743Kb
 bounds [0x000001ce2a430000, 0x000001ce2a960000, 0x000001ce31960000]
CodeHeap 'profiled nmethods': size=120000Kb used=14819Kb max_used=14819Kb free=105180Kb
 bounds [0x000001ce22960000, 0x000001ce237e0000, 0x000001ce29e90000]
CodeHeap 'non-nmethods': size=5760Kb used=1343Kb max_used=1397Kb free=4416Kb
 bounds [0x000001ce29e90000, 0x000001ce2a100000, 0x000001ce2a430000]
 total_blobs=8512 nmethods=7842 adapters=580
 compilation: enabled
              stopped_count=0, restarted_count=0
 full_count=0

Compilation events (20 events):
Event: 12499.599 Thread 0x000001ce7f085ba0 nmethod 9166 0x000001ce237d5010 code [0x000001ce237d52e0, 0x000001ce237d66d8]
Event: 12499.599 Thread 0x000001ce7f085ba0 9168       3       java.util.Properties::entrySet (19 bytes)
Event: 12499.608 Thread 0x000001ce7f085ba0 nmethod 9168 0x000001ce237d6c10 code [0x000001ce237d6e00, 0x000001ce237d74e8]
Event: 12499.608 Thread 0x000001ce7f085ba0 9169       3       java.util.Properties$EntrySet::<init> (10 bytes)
Event: 12499.608 Thread 0x000001ce7f085ba0 nmethod 9169 0x000001ce237d7710 code [0x000001ce237d78a0, 0x000001ce237d7a58]
Event: 12499.608 Thread 0x000001ce7f085ba0 9167       3       org.postgresql.core.v3.SimpleQuery::needUpdateFieldFormats (16 bytes)
Event: 12499.608 Thread 0x000001ce7f085ba0 nmethod 9167 0x000001ce237d7b10 code [0x000001ce237d7ca0, 0x000001ce237d7e18]
Event: 12511.882 Thread 0x000001ce7f085ba0 9170   !   3       java.util.concurrent.ThreadPoolExecutor::runWorker (187 bytes)
Event: 12511.898 Thread 0x000001ce7f085ba0 nmethod 9170 0x000001ce237d7e90 code [0x000001ce237d81a0, 0x000001ce237d94f8]
Event: 12823.536 Thread 0x000001ce3d52ea40 9171       4       org.apache.catalina.webresources.AbstractFileResourceSet::gc (1 bytes)
Event: 12823.537 Thread 0x000001ce3d52ea40 nmethod 9171 0x000001ce2a94d910 code [0x000001ce2a94da80, 0x000001ce2a94daf8]
Event: 13113.863 Thread 0x000001ce3d52ea40 9172       4       java.util.HashMap$Values::toArray (16 bytes)
Event: 13113.907 Thread 0x000001ce3d52ea40 nmethod 9172 0x000001ce2a94dc10 code [0x000001ce2a94dda0, 0x000001ce2a94e338]
Event: 13394.096 Thread 0x000001ce3d52ea40 9173   !   4       org.apache.catalina.core.ContainerBase::findChildren (42 bytes)
Event: 13394.136 Thread 0x000001ce3d52ea40 nmethod 9173 0x000001ce2a94e690 code [0x000001ce2a94e840, 0x000001ce2a94f2f8]
Event: 13464.175 Thread 0x000001ce3d52ea40 9174   !   4       org.apache.catalina.core.ContainerBase::getRealmInternal (38 bytes)
Event: 13464.217 Thread 0x000001ce3d52ea40 nmethod 9174 0x000001ce2a94f810 code [0x000001ce2a94fa40, 0x000001ce2a9503c0]
Event: 13474.277 Thread 0x000001ce3d52ea40 9175   !   4       org.apache.catalina.core.ContainerBase::getClusterInternal (38 bytes)
Event: 13474.290 Thread 0x000001ce3d52ea40 nmethod 9175 0x000001ce2a950c90 code [0x000001ce2a950ec0, 0x000001ce2a951840]
Event: 13474.290 Thread 0x000001ce3d52ea40 9176   !   4       org.apache.catalina.core.ContainerBase$ContainerBackgroundProcessor::processChildren (202 bytes)

GC Heap History (20 events):
Event: 5.990 GC heap before
{Heap before GC invocations=8 (full 0):
 garbage-first heap   total 100352K, used 40960K [0x0000000709c00000, 0x0000000800000000)
  region size 2048K, 12 young (24576K), 1 survivors (2048K)
 Metaspace       used 35819K, committed 36096K, reserved 1114112K
  class space    used 4770K, committed 4928K, reserved 1048576K
}
Event: 5.998 GC heap after
{Heap after GC invocations=9 (full 0):
 garbage-first heap   total 100352K, used 21531K [0x0000000709c00000, 0x0000000800000000)
  region size 2048K, 2 young (4096K), 2 survivors (4096K)
 Metaspace       used 35819K, committed 36096K, reserved 1114112K
  class space    used 4770K, committed 4928K, reserved 1048576K
}
Event: 7.337 GC heap before
{Heap before GC invocations=10 (full 0):
 garbage-first heap   total 81920K, used 66587K [0x0000000709c00000, 0x0000000800000000)
  region size 2048K, 24 young (49152K), 2 survivors (4096K)
 Metaspace       used 45657K, committed 46016K, reserved 1114112K
  class space    used 6130K, committed 6272K, reserved 1048576K
}
Event: 7.345 GC heap after
{Heap after GC invocations=11 (full 0):
 garbage-first heap   total 81920K, used 24600K [0x0000000709c00000, 0x0000000800000000)
  region size 2048K, 3 young (6144K), 3 survivors (6144K)
 Metaspace       used 45657K, committed 46016K, reserved 1114112K
  class space    used 6130K, committed 6272K, reserved 1048576K
}
Event: 7.380 GC heap before
{Heap before GC invocations=11 (full 0):
 garbage-first heap   total 81920K, used 26648K [0x0000000709c00000, 0x0000000800000000)
  region size 2048K, 4 young (8192K), 3 survivors (6144K)
 Metaspace       used 46225K, committed 46592K, reserved 1114112K
  class space    used 6200K, committed 6400K, reserved 1048576K
}
Event: 7.389 GC heap after
{Heap after GC invocations=12 (full 0):
 garbage-first heap   total 81920K, used 24862K [0x0000000709c00000, 0x0000000800000000)
  region size 2048K, 1 young (2048K), 1 survivors (2048K)
 Metaspace       used 46225K, committed 46592K, reserved 1114112K
  class space    used 6200K, committed 6400K, reserved 1048576K
}
Event: 8.125 GC heap before
{Heap before GC invocations=12 (full 0):
 garbage-first heap   total 81920K, used 61726K [0x0000000709c00000, 0x0000000800000000)
  region size 2048K, 19 young (38912K), 1 survivors (2048K)
 Metaspace       used 51517K, committed 51904K, reserved 1114112K
  class space    used 6947K, committed 7168K, reserved 1048576K
}
Event: 8.128 GC heap after
{Heap after GC invocations=13 (full 0):
 garbage-first heap   total 81920K, used 26288K [0x0000000709c00000, 0x0000000800000000)
  region size 2048K, 2 young (4096K), 2 survivors (4096K)
 Metaspace       used 51517K, committed 51904K, reserved 1114112K
  class space    used 6947K, committed 7168K, reserved 1048576K
}
Event: 8.845 GC heap before
{Heap before GC invocations=13 (full 0):
 garbage-first heap   total 81920K, used 61104K [0x0000000709c00000, 0x0000000800000000)
  region size 2048K, 19 young (38912K), 2 survivors (4096K)
 Metaspace       used 54218K, committed 54656K, reserved 1114112K
  class space    used 7221K, committed 7424K, reserved 1048576K
}
Event: 8.849 GC heap after
{Heap after GC invocations=14 (full 0):
 garbage-first heap   total 81920K, used 28973K [0x0000000709c00000, 0x0000000800000000)
  region size 2048K, 3 young (6144K), 3 survivors (6144K)
 Metaspace       used 54218K, committed 54656K, reserved 1114112K
  class space    used 7221K, committed 7424K, reserved 1048576K
}
Event: 10.320 GC heap before
{Heap before GC invocations=14 (full 0):
 garbage-first heap   total 81920K, used 59693K [0x0000000709c00000, 0x0000000800000000)
  region size 2048K, 19 young (38912K), 3 survivors (6144K)
 Metaspace       used 60194K, committed 60608K, reserved 1114112K
  class space    used 7995K, committed 8192K, reserved 1048576K
}
Event: 10.332 GC heap after
{Heap after GC invocations=15 (full 0):
 garbage-first heap   total 81920K, used 32348K [0x0000000709c00000, 0x0000000800000000)
  region size 2048K, 3 young (6144K), 3 survivors (6144K)
 Metaspace       used 60194K, committed 60608K, reserved 1114112K
  class space    used 7995K, committed 8192K, reserved 1048576K
}
Event: 11.083 GC heap before
{Heap before GC invocations=16 (full 0):
 garbage-first heap   total 81920K, used 63068K [0x0000000709c00000, 0x0000000800000000)
  region size 2048K, 18 young (36864K), 3 survivors (6144K)
 Metaspace       used 64027K, committed 64512K, reserved 1114112K
  class space    used 8621K, committed 8832K, reserved 1048576K
}
Event: 11.090 GC heap after
{Heap after GC invocations=17 (full 0):
 garbage-first heap   total 81920K, used 35169K [0x0000000709c00000, 0x0000000800000000)
  region size 2048K, 2 young (4096K), 2 survivors (4096K)
 Metaspace       used 64027K, committed 64512K, reserved 1114112K
  class space    used 8621K, committed 8832K, reserved 1048576K
}
Event: 210.050 GC heap before
{Heap before GC invocations=17 (full 0):
 garbage-first heap   total 81920K, used 63841K [0x0000000709c00000, 0x0000000800000000)
  region size 2048K, 16 young (32768K), 2 survivors (4096K)
 Metaspace       used 66348K, committed 66752K, reserved 1114112K
  class space    used 8919K, committed 9088K, reserved 1048576K
}
Event: 210.055 GC heap after
{Heap after GC invocations=18 (full 0):
 garbage-first heap   total 81920K, used 36597K [0x0000000709c00000, 0x0000000800000000)
  region size 2048K, 1 young (2048K), 1 survivors (2048K)
 Metaspace       used 66348K, committed 66752K, reserved 1114112K
  class space    used 8919K, committed 9088K, reserved 1048576K
}
Event: 499.651 GC heap before
{Heap before GC invocations=18 (full 0):
 garbage-first heap   total 81920K, used 63221K [0x0000000709c00000, 0x0000000800000000)
  region size 2048K, 15 young (30720K), 1 survivors (2048K)
 Metaspace       used 71260K, committed 71744K, reserved 1114112K
  class space    used 9526K, committed 9728K, reserved 1048576K
}
Event: 499.655 GC heap after
{Heap after GC invocations=19 (full 0):
 garbage-first heap   total 81920K, used 37754K [0x0000000709c00000, 0x0000000800000000)
  region size 2048K, 2 young (4096K), 2 survivors (4096K)
 Metaspace       used 71260K, committed 71744K, reserved 1114112K
  class space    used 9526K, committed 9728K, reserved 1048576K
}
Event: 8860.215 GC heap before
{Heap before GC invocations=19 (full 0):
 garbage-first heap   total 81920K, used 64378K [0x0000000709c00000, 0x0000000800000000)
  region size 2048K, 16 young (32768K), 2 survivors (4096K)
 Metaspace       used 72222K, committed 72640K, reserved 1114112K
  class space    used 9607K, committed 9792K, reserved 1048576K
}
Event: 8860.325 GC heap after
{Heap after GC invocations=20 (full 0):
 garbage-first heap   total 81920K, used 40354K [0x0000000709c00000, 0x0000000800000000)
  region size 2048K, 2 young (4096K), 2 survivors (4096K)
 Metaspace       used 72222K, committed 72640K, reserved 1114112K
  class space    used 9607K, committed 9792K, reserved 1048576K
}

Deoptimization events (20 events):
Event: 3566.848 Thread 0x000001ce7fbebc10 Uncommon trap: trap_request=0xffffffbe fr.pc=0x000001ce2a927c7c relative=0x00000000000002dc
Event: 3566.848 Thread 0x000001ce7fbebc10 Uncommon trap: reason=profile_predicate action=maybe_recompile pc=0x000001ce2a927c7c method=sun.security.provider.HashDrbg.addBytes([BI[[B)V @ 36 c2
Event: 3566.848 Thread 0x000001ce7fbebc10 DEOPT PACKING pc=0x000001ce2a927c7c sp=0x000000586bbfe7d0
Event: 3566.848 Thread 0x000001ce7fbebc10 DEOPT UNPACKING pc=0x000001ce29ee23a3 sp=0x000000586bbfe720 mode 2
Event: 3566.848 Thread 0x000001ce7fbebc10 Uncommon trap: trap_request=0xffffffbe fr.pc=0x000001ce2a927c7c relative=0x00000000000002dc
Event: 3566.848 Thread 0x000001ce7fbebc10 Uncommon trap: reason=profile_predicate action=maybe_recompile pc=0x000001ce2a927c7c method=sun.security.provider.HashDrbg.addBytes([BI[[B)V @ 36 c2
Event: 3566.848 Thread 0x000001ce7fbebc10 DEOPT PACKING pc=0x000001ce2a927c7c sp=0x000000586bbfe7d0
Event: 3566.848 Thread 0x000001ce7fbebc10 DEOPT UNPACKING pc=0x000001ce29ee23a3 sp=0x000000586bbfe720 mode 2
Event: 3566.848 Thread 0x000001ce7fbebc10 Uncommon trap: trap_request=0xffffffbe fr.pc=0x000001ce2a927c7c relative=0x00000000000002dc
Event: 3566.848 Thread 0x000001ce7fbebc10 Uncommon trap: reason=profile_predicate action=maybe_recompile pc=0x000001ce2a927c7c method=sun.security.provider.HashDrbg.addBytes([BI[[B)V @ 36 c2
Event: 3566.848 Thread 0x000001ce7fbebc10 DEOPT PACKING pc=0x000001ce2a927c7c sp=0x000000586bbfe7d0
Event: 3566.848 Thread 0x000001ce7fbebc10 DEOPT UNPACKING pc=0x000001ce29ee23a3 sp=0x000000586bbfe720 mode 2
Event: 7187.852 Thread 0x000001ce08277760 Uncommon trap: trap_request=0xffffff45 fr.pc=0x000001ce2a772f80 relative=0x0000000000000b40
Event: 7187.852 Thread 0x000001ce08277760 Uncommon trap: reason=unstable_if action=reinterpret pc=0x000001ce2a772f80 method=java.util.concurrent.locks.AbstractQueuedSynchronizer.acquire(Ljava/util/concurrent/locks/AbstractQueuedSynchronizer$Node;IZZZJ)I @ 49 c2
Event: 7187.853 Thread 0x000001ce08277760 DEOPT PACKING pc=0x000001ce2a772f80 sp=0x000000586e1ff4a0
Event: 7187.854 Thread 0x000001ce08277760 DEOPT UNPACKING pc=0x000001ce29ee23a3 sp=0x000000586e1ff438 mode 2
Event: 9458.841 Thread 0x000001ce08277760 Uncommon trap: trap_request=0xffffff45 fr.pc=0x000001ce2a9447b8 relative=0x0000000000000fd8
Event: 9458.842 Thread 0x000001ce08277760 Uncommon trap: reason=unstable_if action=reinterpret pc=0x000001ce2a9447b8 method=java.util.concurrent.locks.AbstractQueuedSynchronizer.acquire(Ljava/util/concurrent/locks/AbstractQueuedSynchronizer$Node;IZZZJ)I @ 99 c2
Event: 9458.842 Thread 0x000001ce08277760 DEOPT PACKING pc=0x000001ce2a9447b8 sp=0x000000586e1ff500
Event: 9458.843 Thread 0x000001ce08277760 DEOPT UNPACKING pc=0x000001ce29ee23a3 sp=0x000000586e1ff490 mode 2

Classes unloaded (0 events):
No events

Classes redefined (0 events):
No events

Internal exceptions (20 events):
Event: 10.772 Thread 0x000001ce1b0d5d60 Exception <a 'java/lang/NoSuchMethodError'{0x000000070da06700}: 'void java.lang.invoke.DirectMethodHandle$Holder.invokeVirtual(java.lang.Object, java.lang.Object)'> (0x000000070da06700) 
thrown [s\open\src\hotspot\share\interpreter\linkResolver.cpp, line 759]
Event: 10.967 Thread 0x000001ce1b0d5d60 Exception <a 'java/lang/NoSuchMethodError'{0x000000070d308f18}: 'void java.lang.invoke.DirectMethodHandle$Holder.invokeSpecial(java.lang.Object, java.lang.Object, java.lang.Object, java.lang.Object, java.lang.Object, java.lang.Object, java.lang.Object, java.lang.Object)'> (0x000000070d308f18) 
thrown [s\open\src\hotspot\share\interpreter\linkResolver.cpp, line 759]
Event: 10.967 Thread 0x000001ce1b0d5d60 Exception <a 'java/lang/NoSuchMethodError'{0x000000070d313db0}: 'java.lang.Object java.lang.invoke.DirectMethodHandle$Holder.newInvokeSpecial(java.lang.Object, java.lang.Object, java.lang.Object, java.lang.Object, java.lang.Object, java.lang.Object, java.lang.Object)'> (0x000000070d313db0) 
thrown [s\open\src\hotspot\share\interpreter\linkResolver.cpp, line 759]
Event: 10.968 Thread 0x000001ce1b0d5d60 Exception <a 'java/lang/NoSuchMethodError'{0x000000070d318288}: 'java.lang.Object java.lang.invoke.Invokers$Holder.linkToTargetMethod(java.lang.Object, java.lang.Object, java.lang.Object, java.lang.Object, java.lang.Object, java.lang.Object, java.lang.Object)'> (0x000000070d318288) 
thrown [s\open\src\hotspot\share\interpreter\linkResolver.cpp, line 759]
Event: 11.040 Thread 0x000001ce1b0d5d60 Implicit null exception at 0x000001ce2a67be6c to 0x000001ce2a67bf14
Event: 11.184 Thread 0x000001ce1b0d5d60 Exception <a 'java/lang/NoSuchMethodError'{0x000000070e6512b8}: 'java.lang.Object java.lang.invoke.DirectMethodHandle$Holder.newInvokeSpecial(java.lang.Object, java.lang.Object, java.lang.Object, int)'> (0x000000070e6512b8) 
thrown [s\open\src\hotspot\share\interpreter\linkResolver.cpp, line 759]
Event: 11.184 Thread 0x000001ce1b0d5d60 Exception <a 'java/lang/NoSuchMethodError'{0x000000070e6555a0}: 'java.lang.Object java.lang.invoke.DirectMethodHandle$Holder.invokeSpecial(java.lang.Object, java.lang.Object, java.lang.Object, java.lang.Object, int)'> (0x000000070e6555a0) 
thrown [s\open\src\hotspot\share\interpreter\linkResolver.cpp, line 759]
Event: 11.185 Thread 0x000001ce1b0d5d60 Exception <a 'java/lang/NoSuchMethodError'{0x000000070e658ca8}: 'java.lang.Object java.lang.invoke.Invokers$Holder.linkToTargetMethod(java.lang.Object, java.lang.Object, int, java.lang.Object)'> (0x000000070e658ca8) 
thrown [s\open\src\hotspot\share\interpreter\linkResolver.cpp, line 759]
Event: 11.265 Thread 0x000001ce1b0d5d60 Exception <a 'java/lang/NoSuchMethodError'{0x000000070e074ed0}: 'java.lang.Object java.lang.invoke.DirectMethodHandle$Holder.invokeStatic(java.lang.Object, int, java.lang.Object)'> (0x000000070e074ed0) 
thrown [s\open\src\hotspot\share\interpreter\linkResolver.cpp, line 759]
Event: 210.066 Thread 0x000001ce7fbe6600 Exception <a 'java/lang/NoSuchMethodError'{0x0000000719290220}: 'int java.lang.invoke.DirectMethodHandle$Holder.invokeStatic(java.lang.Object, java.lang.Object, java.lang.Object, java.lang.Object, java.lang.Object)'> (0x0000000719290220) 
thrown [s\open\src\hotspot\share\interpreter\linkResolver.cpp, line 759]
Event: 210.066 Thread 0x000001ce7fbe9db0 Exception <a 'java/lang/NoSuchMethodError'{0x0000000719234788}: 'int java.lang.invoke.DirectMethodHandle$Holder.invokeStatic(java.lang.Object, java.lang.Object, java.lang.Object, java.lang.Object, java.lang.Object)'> (0x0000000719234788) 
thrown [s\open\src\hotspot\share\interpreter\linkResolver.cpp, line 759]
Event: 210.069 Thread 0x000001ce7fbe9db0 Exception <a 'java/lang/NoSuchMethodError'{0x00000007192465b0}: 'java.lang.Object java.lang.invoke.DirectMethodHandle$Holder.newInvokeSpecial(java.lang.Object, java.lang.Object, long)'> (0x00000007192465b0) 
thrown [s\open\src\hotspot\share\interpreter\linkResolver.cpp, line 759]
Event: 210.069 Thread 0x000001ce7fbe6600 Exception <a 'java/lang/NoSuchMethodError'{0x00000007192b66f8}: 'java.lang.Object java.lang.invoke.DirectMethodHandle$Holder.newInvokeSpecial(java.lang.Object, java.lang.Object, long)'> (0x00000007192b66f8) 
thrown [s\open\src\hotspot\share\interpreter\linkResolver.cpp, line 759]
Event: 210.069 Thread 0x000001ce7fbe9db0 Exception <a 'java/lang/NoSuchMethodError'{0x00000007192d1428}: 'java.lang.Object java.lang.invoke.Invokers$Holder.linkToTargetMethod(java.lang.Object, long, java.lang.Object)'> (0x00000007192d1428) 
thrown [s\open\src\hotspot\share\interpreter\linkResolver.cpp, line 759]
Event: 210.069 Thread 0x000001ce7fbe6600 Exception <a 'java/lang/NoSuchMethodError'{0x00000007192ba4e8}: 'java.lang.Object java.lang.invoke.Invokers$Holder.linkToTargetMethod(java.lang.Object, long, java.lang.Object)'> (0x00000007192ba4e8) 
thrown [s\open\src\hotspot\share\interpreter\linkResolver.cpp, line 759]
Event: 210.364 Thread 0x000001ce7fbe9db0 Exception <a 'java/lang/NoSuchMethodError'{0x000000070dfa69e0}: 'java.lang.Object java.lang.invoke.DirectMethodHandle$Holder.invokeStaticInit(java.lang.Object, java.lang.Object, java.lang.Object, java.lang.Object, java.lang.Object, java.lang.Object)'> (0x000000070dfa69e0) 
thrown [s\open\src\hotspot\share\interpreter\linkResolver.cpp, line 759]
Event: 210.414 Thread 0x000001ce7fbe6600 Exception <a 'java/lang/NoSuchMethodError'{0x000000070da5dfa0}: 'java.lang.Object java.lang.invoke.DirectMethodHandle$Holder.invokeInterface(java.lang.Object, java.lang.Object, java.lang.Object, java.lang.Object)'> (0x000000070da5dfa0) 
thrown [s\open\src\hotspot\share\interpreter\linkResolver.cpp, line 759]
Event: 499.664 Thread 0x000001ce7fbea7d0 Exception <a 'java/lang/ClassNotFoundException'{0x00000007192e6468}: java/lang/ObjectCustomizer> (0x00000007192e6468) 
thrown [s\open\src\hotspot\share\classfile\systemDictionary.cpp, line 256]
Event: 499.666 Thread 0x000001ce7fbea7d0 Exception <a 'java/lang/ClassNotFoundException'{0x00000007192f2dd8}: com/apiestudar/api_prodify/domain/model/ProdutoCustomizer> (0x00000007192f2dd8) 
thrown [s\open\src\hotspot\share\classfile\systemDictionary.cpp, line 256]
Event: 511.372 Thread 0x000001ce7fbea2c0 Exception <a 'java/lang/NoSuchMethodError'{0x000000070e44e360}: 'java.lang.Object java.lang.invoke.DirectMethodHandle$Holder.newInvokeSpecial(java.lang.Object, long)'> (0x000000070e44e360) 
thrown [s\open\src\hotspot\share\interpreter\linkResolver.cpp, line 759]

VM Operations (20 events):
Event: 8860.210 Executing VM operation: G1CollectForAllocation
Event: 8860.325 Executing VM operation: G1CollectForAllocation done
Event: 8888.552 Executing VM operation: Cleanup
Event: 8888.552 Executing VM operation: Cleanup done
Event: 8899.662 Executing VM operation: Cleanup
Event: 8899.663 Executing VM operation: Cleanup done
Event: 10512.264 Executing VM operation: Cleanup
Event: 10512.266 Executing VM operation: Cleanup done
Event: 10629.293 Executing VM operation: Cleanup
Event: 10629.293 Executing VM operation: Cleanup done
Event: 10663.628 Executing VM operation: Cleanup
Event: 10663.628 Executing VM operation: Cleanup done
Event: 12472.441 Executing VM operation: Cleanup
Event: 12472.444 Executing VM operation: Cleanup done
Event: 12478.501 Executing VM operation: Cleanup
Event: 12478.501 Executing VM operation: Cleanup done
Event: 12499.641 Executing VM operation: Cleanup
Event: 12499.641 Executing VM operation: Cleanup done
Event: 13124.579 Executing VM operation: Cleanup
Event: 13124.588 Executing VM operation: Cleanup done

Events (20 events):
Event: 12442.300 Thread 0x000001ce7fbeb700 Thread added: 0x000001ce7fbeb700
Event: 12442.300 Thread 0x000001ce7fbebc10 Thread added: 0x000001ce7fbebc10
Event: 12447.336 Thread 0x000001ce7fbeb700 Thread exited: 0x000001ce7fbeb700
Event: 12447.394 Thread 0x000001ce7fbebc10 Thread exited: 0x000001ce7fbebc10
Event: 12457.269 Thread 0x000001ce7fbeb700 Thread added: 0x000001ce7fbeb700
Event: 12457.289 Thread 0x000001ce7fbebc10 Thread added: 0x000001ce7fbebc10
Event: 12465.085 Thread 0x000001ce7fbeb700 Thread exited: 0x000001ce7fbeb700
Event: 12465.275 Thread 0x000001ce7fbebc10 Thread exited: 0x000001ce7fbebc10
Event: 12472.425 Thread 0x000001ce7fbeb700 Thread added: 0x000001ce7fbeb700
Event: 12472.426 Thread 0x000001ce7fbebc10 Thread added: 0x000001ce7fbebc10
Event: 12477.440 Thread 0x000001ce7fbeb700 Thread exited: 0x000001ce7fbeb700
Event: 12477.534 Thread 0x000001ce7fbebc10 Thread exited: 0x000001ce7fbebc10
Event: 12478.080 Thread 0x000001ce7fbeb700 Thread added: 0x000001ce7fbeb700
Event: 12478.080 Thread 0x000001ce7fbe8970 Thread added: 0x000001ce7fbe8970
Event: 12489.307 Thread 0x000001ce7fbeb700 Thread exited: 0x000001ce7fbeb700
Event: 12489.399 Thread 0x000001ce7fbe8970 Thread exited: 0x000001ce7fbe8970
Event: 12499.363 Thread 0x000001ce7fbeb700 Thread added: 0x000001ce7fbeb700
Event: 12499.363 Thread 0x000001ce7fbebc10 Thread added: 0x000001ce7fbebc10
Event: 12504.380 Thread 0x000001ce7fbeb700 Thread exited: 0x000001ce7fbeb700
Event: 12504.582 Thread 0x000001ce7fbebc10 Thread exited: 0x000001ce7fbebc10


Dynamic libraries:
0x00007ff7c7e80000 - 0x00007ff7c7e90000 	C:\Program Files\Java\jdk-17.0.13\bin\javaw.exe
0x00007fffeac80000 - 0x00007fffeaee6000 	C:\WINDOWS\SYSTEM32\ntdll.dll
0x00007fffe9350000 - 0x00007fffe9419000 	C:\WINDOWS\System32\KERNEL32.DLL
0x00007fffe83b0000 - 0x00007fffe877c000 	C:\WINDOWS\System32\KERNELBASE.dll
0x000000006f5e0000 - 0x000000006f90e000 	C:\Program Files\Norton Security\NortonData\22.23.5.106\Definitions\IPSDefs\20241203.064\IPSEng64.dll
0x00007fffe8b10000 - 0x00007fffe8bc2000 	C:\WINDOWS\System32\ADVAPI32.dll
0x00007fffea780000 - 0x00007fffea829000 	C:\WINDOWS\System32\msvcrt.dll
0x00007fffe90c0000 - 0x00007fffe9166000 	C:\WINDOWS\System32\sechost.dll
0x00007fffe8bd0000 - 0x00007fffe8ce6000 	C:\WINDOWS\System32\RPCRT4.dll
0x00007fffe90b0000 - 0x00007fffe90b8000 	C:\WINDOWS\System32\PSAPI.DLL
0x00007fffe8260000 - 0x00007fffe83ab000 	C:\WINDOWS\System32\ucrtbase.dll
0x00007fffd7160000 - 0x00007fffd717b000 	C:\Program Files\Java\jdk-17.0.13\bin\VCRUNTIME140.dll
0x00007fffd7140000 - 0x00007fffd7159000 	C:\Program Files\Java\jdk-17.0.13\bin\jli.dll
0x00007fffea9c0000 - 0x00007fffeab8a000 	C:\WINDOWS\System32\USER32.dll
0x00007fffd6d50000 - 0x00007fffd6fea000 	C:\WINDOWS\WinSxS\amd64_microsoft.windows.common-controls_6595b64144ccf1df_6.0.26100.3912_none_3e07963ce335137e\COMCTL32.dll
0x00007fffe8100000 - 0x00007fffe8127000 	C:\WINDOWS\System32\win32u.dll
0x00007fffe8cf0000 - 0x00007fffe8d1b000 	C:\WINDOWS\System32\GDI32.dll
0x00007fffe8780000 - 0x00007fffe88b2000 	C:\WINDOWS\System32\gdi32full.dll
0x00007fffe7e10000 - 0x00007fffe7eb3000 	C:\WINDOWS\System32\msvcp_win.dll
0x00007fffe00c0000 - 0x00007fffe00cb000 	C:\WINDOWS\SYSTEM32\VERSION.dll
0x00007fffea830000 - 0x00007fffea860000 	C:\WINDOWS\System32\IMM32.DLL
0x00007fffd8b40000 - 0x00007fffd8b4c000 	C:\Program Files\Java\jdk-17.0.13\bin\vcruntime140_1.dll
0x00007fffb90d0000 - 0x00007fffb915e000 	C:\Program Files\Java\jdk-17.0.13\bin\msvcp140.dll
0x00007fff6af30000 - 0x00007fff6bb11000 	C:\Program Files\Java\jdk-17.0.13\bin\server\jvm.dll
0x00007fffd2fc0000 - 0x00007fffd2fca000 	C:\WINDOWS\SYSTEM32\WSOCK32.dll
0x00007fffe0080000 - 0x00007fffe00b6000 	C:\WINDOWS\SYSTEM32\WINMM.dll
0x00007fffeabc0000 - 0x00007fffeac34000 	C:\WINDOWS\System32\WS2_32.dll
0x00007fffe6bd0000 - 0x00007fffe6bea000 	C:\WINDOWS\SYSTEM32\kernel.appcore.dll
0x00007fffd8a60000 - 0x00007fffd8a6a000 	C:\Program Files\Java\jdk-17.0.13\bin\jimage.dll
0x00007fffdc6c0000 - 0x00007fffdc901000 	C:\WINDOWS\SYSTEM32\DBGHELP.DLL
0x00007fffe8d20000 - 0x00007fffe90a4000 	C:\WINDOWS\System32\combase.dll
0x00007fffe9d60000 - 0x00007fffe9e40000 	C:\WINDOWS\System32\OLEAUT32.dll
0x00007fffd5950000 - 0x00007fffd5989000 	C:\WINDOWS\SYSTEM32\dbgcore.DLL
0x00007fffe81c0000 - 0x00007fffe8259000 	C:\WINDOWS\System32\bcryptPrimitives.dll
0x00007fffb90a0000 - 0x00007fffb90c5000 	C:\Program Files\Java\jdk-17.0.13\bin\java.dll
0x00007fffb8580000 - 0x00007fffb8657000 	C:\Program Files\Java\jdk-17.0.13\bin\jsvml.dll
0x00007fffe9630000 - 0x00007fffe9d5d000 	C:\WINDOWS\System32\SHELL32.dll
0x00007fffe7f80000 - 0x00007fffe80f4000 	C:\WINDOWS\System32\wintypes.dll
0x00007fffe5a80000 - 0x00007fffe62d6000 	C:\WINDOWS\SYSTEM32\windows.storage.dll
0x00007fffe91f0000 - 0x00007fffe92df000 	C:\WINDOWS\System32\SHCORE.dll
0x00007fffe9590000 - 0x00007fffe95f9000 	C:\WINDOWS\System32\shlwapi.dll
0x00007fffe7d20000 - 0x00007fffe7d4f000 	C:\WINDOWS\SYSTEM32\profapi.dll
0x00007fffd7120000 - 0x00007fffd7139000 	C:\Program Files\Java\jdk-17.0.13\bin\net.dll
0x00007fffe1150000 - 0x00007fffe126e000 	C:\WINDOWS\SYSTEM32\WINHTTP.dll
0x00007fffe7140000 - 0x00007fffe71aa000 	C:\WINDOWS\system32\mswsock.dll
0x00007fffc3f60000 - 0x00007fffc3f76000 	C:\Program Files\Java\jdk-17.0.13\bin\nio.dll
0x00007fffbda50000 - 0x00007fffbda68000 	C:\Program Files\Java\jdk-17.0.13\bin\zip.dll
0x00007fffc3610000 - 0x00007fffc3620000 	C:\Program Files\Java\jdk-17.0.13\bin\verify.dll
0x00007fffbd910000 - 0x00007fffbd91a000 	C:\Program Files\Java\jdk-17.0.13\bin\management.dll
0x00007fffbd8b0000 - 0x00007fffbd8bb000 	C:\Program Files\Java\jdk-17.0.13\bin\management_ext.dll
0x00007fffcf010000 - 0x00007fffcf028000 	C:\WINDOWS\system32\napinsp.dll
0x00007fffe6680000 - 0x00007fffe67a7000 	C:\WINDOWS\SYSTEM32\DNSAPI.dll
0x00007fffe65f0000 - 0x00007fffe6623000 	C:\WINDOWS\SYSTEM32\IPHLPAPI.DLL
0x00007fffeab90000 - 0x00007fffeab9a000 	C:\WINDOWS\System32\NSI.dll
0x00007fffceb50000 - 0x00007fffceb62000 	C:\WINDOWS\System32\winrnr.dll
0x00007fffccf70000 - 0x00007fffccfa0000 	C:\WINDOWS\system32\nlansp_c.dll
0x00007fffe0050000 - 0x00007fffe0070000 	C:\WINDOWS\system32\wshbth.dll
0x00007fffd9550000 - 0x00007fffd955b000 	C:\Windows\System32\rasadhlp.dll
0x00007fffdd570000 - 0x00007fffdd5f6000 	C:\WINDOWS\System32\fwpuclnt.dll
0x00007fffe7450000 - 0x00007fffe746c000 	C:\WINDOWS\SYSTEM32\CRYPTSP.dll
0x00007fffe6b30000 - 0x00007fffe6b6a000 	C:\WINDOWS\system32\rsaenh.dll
0x00007fffe71e0000 - 0x00007fffe720b000 	C:\WINDOWS\SYSTEM32\USERENV.dll
0x00007fffe7cf0000 - 0x00007fffe7d16000 	C:\WINDOWS\SYSTEM32\bcrypt.dll
0x00007fffe74b0000 - 0x00007fffe74bc000 	C:\WINDOWS\SYSTEM32\CRYPTBASE.dll
0x00007fffe1530000 - 0x00007fffe154f000 	C:\WINDOWS\SYSTEM32\dhcpcsvc6.DLL
0x00007fffe0c10000 - 0x00007fffe0c35000 	C:\WINDOWS\SYSTEM32\dhcpcsvc.DLL
0x00007fffbd8a0000 - 0x00007fffbd8ae000 	C:\Program Files\Java\jdk-17.0.13\bin\sunmscapi.dll
0x00007fffe88c0000 - 0x00007fffe8a37000 	C:\WINDOWS\System32\CRYPT32.dll
0x00007fffe7690000 - 0x00007fffe76c0000 	C:\WINDOWS\SYSTEM32\ncrypt.dll
0x00007fffe7640000 - 0x00007fffe767f000 	C:\WINDOWS\SYSTEM32\NTASN1.dll
0x00007fffba610000 - 0x00007fffba618000 	C:\WINDOWS\system32\wshunix.dll

dbghelp: loaded successfully - version: 4.0.5 - missing functions: none
symbol engine: initialized successfully - sym options: 0x614 - pdb path: .;C:\Program Files\Java\jdk-17.0.13\bin;C:\WINDOWS\SYSTEM32;C:\Program Files\Norton Security\NortonData\22.23.5.106\Definitions\IPSDefs\20241203.064;C:\WINDOWS\WinSxS\amd64_microsoft.windows.common-controls_6595b64144ccf1df_6.0.26100.3912_none_3e07963ce335137e;C:\Program Files\Java\jdk-17.0.13\bin\server

VM Arguments:
jvm_args: -Dfile.encoding=UTF-8 -Dstdout.encoding=UTF-8 -Dstderr.encoding=UTF-8 -XX:+ShowCodeDetailsInExceptionMessages 
java_command: com.apiestudar.api_prodify.ApiEstudarApplication
java_class_path (initial): C:\Users\gradi\eclipse-workspace\ApiProdutos\target\classes;C:\Users\gradi\.m2\repository\org\projectlombok\lombok\1.18.26\lombok-1.18.26.jar;C:\Users\gradi\.m2\repository\com\konghq\unirest-java\3.14.2\unirest-java-3.14.2.jar;C:\Users\gradi\.m2\repository\org\apache\httpcomponents\httpclient\4.5.13\httpclient-4.5.13.jar;C:\Users\gradi\.m2\repository\org\apache\httpcomponents\httpcore\4.4.14\httpcore-4.4.14.jar;C:\Users\gradi\.m2\repository\org\apache\httpcomponents\httpmime\4.5.13\httpmime-4.5.13.jar;C:\Users\gradi\.m2\repository\org\apache\httpcomponents\httpcore-nio\4.4.14\httpcore-nio-4.4.14.jar;C:\Users\gradi\.m2\repository\org\apache\httpcomponents\httpasyncclient\4.1.4\httpasyncclient-4.1.4.jar;C:\Users\gradi\.m2\repository\commons-codec\commons-codec\1.15\commons-codec-1.15.jar;C:\Users\gradi\.m2\repository\com\google\code\gson\gson\2.8.6\gson-2.8.6.jar;C:\Users\gradi\.m2\repository\io\netty\netty-all\4.1.65.Final\netty-all-4.1.65.Final.jar;C:\Users\gradi\.m2\repository\org\springframework\boot\spring-boot-starter-amqp\2.5.0\spring-boot-starter-amqp-2.5.0.jar;C:\Users\gradi\.m2\repository\org\springframework\boot\spring-boot-starter\2.5.0\spring-boot-starter-2.5.0.jar;C:\Users\gradi\.m2\repository\org\springframework\boot\spring-boot\2.5.0\spring-boot-2.5.0.jar;C:\Users\gradi\.m2\repository\org\springframework\boot\spring-boot-autoconfigure\2.5.0\spring-boot-autoconfigure-2.5.0.jar;C:\Users\gradi\.m2\repository\org\springframework\boot\spring-boot-starter-logging\2.5.0\spring-boot-starter-logging-2.5.0.jar;C:\Users\gradi\.m2\repository\ch\qos\logback\logback-classic\1.2.3\logback-classic-1.2.3.jar;C:\Users\gradi\.m2\repository\ch\qos\logback\logback-core\1.2.3\logback-core-1.2.3.jar;C:\Users\gradi\.m2\repository\org\apache\logging\log4j\log4j-to-slf4j\2.14.1\log4j-to-slf4j-2.14.1.jar;C:\Users\gradi\.m2\repository\org\apache\logging\log4j\log4j-api\2.14.1\log4j-api-2.14.1.jar;C:\Users\gradi\.m2\repository\org\slf4j\jul-to-slf4j\1.
Launcher Type: SUN_STANDARD

[Global flags]
     intx CICompilerCount                          = 4                                         {product} {ergonomic}
     uint ConcGCThreads                            = 3                                         {product} {ergonomic}
     uint G1ConcRefinementThreads                  = 10                                        {product} {ergonomic}
   size_t G1HeapRegionSize                         = 2097152                                   {product} {ergonomic}
    uintx GCDrainStackTargetSize                   = 64                                        {product} {ergonomic}
   size_t InitialHeapSize                          = 260046848                                 {product} {ergonomic}
   size_t MarkStackSize                            = 4194304                                   {product} {ergonomic}
   size_t MaxHeapSize                              = 4131389440                                {product} {ergonomic}
   size_t MaxNewSize                               = 2478833664                                {product} {ergonomic}
   size_t MinHeapDeltaBytes                        = 2097152                                   {product} {ergonomic}
   size_t MinHeapSize                              = 8388608                                   {product} {ergonomic}
    uintx NonNMethodCodeHeapSize                   = 5839372                                {pd product} {ergonomic}
    uintx NonProfiledCodeHeapSize                  = 122909434                              {pd product} {ergonomic}
    uintx ProfiledCodeHeapSize                     = 122909434                              {pd product} {ergonomic}
    uintx ReservedCodeCacheSize                    = 251658240                              {pd product} {ergonomic}
     bool SegmentedCodeCache                       = true                                      {product} {ergonomic}
     bool ShowCodeDetailsInExceptionMessages       = true                                   {manageable} {command line}
   size_t SoftMaxHeapSize                          = 4131389440                             {manageable} {ergonomic}
     bool UseCompressedClassPointers               = true                           {product lp64_product} {ergonomic}
     bool UseCompressedOops                        = true                           {product lp64_product} {ergonomic}
     bool UseG1GC                                  = true                                      {product} {ergonomic}
     bool UseLargePagesIndividualAllocation        = false                                  {pd product} {ergonomic}

Logging:
Log output configuration:
 #0: stdout all=warning uptime,level,tags
 #1: stderr all=off uptime,level,tags

Environment Variables:
JAVA_HOME=C:\Program Files\Java\jdk-17.0.13
PATH=C:/Users/gradi/.p2/pool/plugins/org.eclipse.justj.openjdk.hotspot.jre.full.win32.x86_64_23.0.2.v20250131-0604/jre/bin/server;C:/Users/gradi/.p2/pool/plugins/org.eclipse.justj.openjdk.hotspot.jre.full.win32.x86_64_23.0.2.v20250131-0604/jre/bin;C:\Windows\system32;C:\Windows;C:\Windows\System32\Wbem;C:\Windows\System32\WindowsPowerShell\v1.0\;C:\Windows\System32\OpenSSH\;C:\Program Files\Git\cmd;C:\Program Files\nodejs\;C:\Program Files\Docker\Docker\resources\bin;C:\Program Files\Kubernetes\Minikube;C:\Program Files\PostgreSQL\17\bin;C:\Program Files\PostgreSQL\16\bin;;%SystemRoot%\system32;%SystemRoot%;%SystemRoot%\System32\Wbem;%SYSTEMROOT%\System32\WindowsPowerShell\v1.0\;%SYSTEMROOT%\System32\OpenSSH\;C:\Users\gradi\AppData\Local\Microsoft\WindowsApps;C:\Users\gradi\AppData\Roaming\npm;C:\Program Files\nodejs;C:\Program Files\Java\jdk-17.0.13\bin;C:\maven\apache\apache-maven-3.9.9\bin;C:\Users\gradi\AppData\Local\Microsoft\WinGet\Packages\Kubernetes.kubectl_Microsoft.Winget.Source_8wekyb3d8bbwe;C:\Program Files\PostgreSQL\17\bin;C:\Program Files\PostgreSQL\16\bin;C:\Users\gradi\AppData\Local\Programs\cursor\resources\app\bin;C:\Program Files\Erlang OTP\bin;;C:\WINDOWS\system32;
USERNAME=gradi
OS=Windows_NT
PROCESSOR_IDENTIFIER=AMD64 Family 23 Model 104 Stepping 1, AuthenticAMD



---------------  S Y S T E M  ---------------

OS:
Call to GetFileVersionInfoSize failed
OS uptime: 4 days 2:04 hours
Hyper-V role detected

CPU: total 12 (initial active 12) (12 cores per cpu, 2 threads per core) family 23 model 104 stepping 1 microcode 0x8608104, cx8, cmov, fxsr, ht, mmx, 3dnowpref, sse, sse2, sse3, ssse3, sse4a, sse4.1, sse4.2, popcnt, lzcnt, tsc, tscinvbit, avx, avx2, aes, clmul, bmi1, bmi2, adx, sha, fma, vzeroupper, clflush, clflushopt, hv

Memory: 4k page, system-wide physical 15754M (216M free)
TotalPageFile size 64906M (AvailPageFile size 0M)
current process WorkingSet (physical memory assigned to process): 42M, peak: 310M
current process commit charge ("private bytes"): 305M, peak: 421M

vm_info: Java HotSpot(TM) 64-Bit Server VM (17.0.13+10-LTS-268) for windows-amd64 JRE (17.0.13+10-LTS-268), built on Sep 30 2024 06:33:13 by "mach5one" with MS VC++ 17.6 (VS2022)

END.
